<?xml version="1.0" encoding="UTF-8"?>
<testsuite name="controllers.HomeControllerTest" tests="1" skipped="0" failures="0" errors="0" timestamp="2018-09-02T12:36:56" hostname="RUDFL-AMBP.local" time="3.676">
  <properties/>
  <testcase name="testIndex" classname="controllers.HomeControllerTest" time="3.676"/>
  <system-out><![CDATA[]]></system-out>
  <system-err><![CDATA[]]></system-err>
</testsuite>
